<?xml version="1.0" encoding="UTF-8"?>
<coverage generated="1653898920638" clover="3.2.0">
  <project timestamp="1653898920638" name="All files">
    <metrics statements="3" coveredstatements="3" conditionals="4" coveredconditionals="3" methods="2" coveredmethods="2" elements="9" coveredelements="8" complexity="0" loc="3" ncloc="3" packages="1" files="1" classes="1"/>
    <file name="index.ts" path="/Users/dankreiger/Projects/prototypes/open-source/groupBy/src/index.ts">
      <metrics statements="3" coveredstatements="3" conditionals="4" coveredconditionals="3" methods="2" coveredmethods="2"/>
      <line num="6" count="1" type="stmt"/>
      <line num="10" count="1" type="stmt"/>
      <line num="11" count="3" type="stmt"/>
    </file>
  </project>
</coverage>
