{"/Users/dankreiger/Projects/prototypes/open-source/groupBy/src/index.ts": {"path":"/Users/dankreiger/Projects/prototypes/open-source/groupBy/src/index.ts","statementMap":{"0":{"start":{"line":6,"column":23},"end":{"line":10,"column":7}},"1":{"start":{"line":10,"column":2},"end":{"line":20,"column":4}},"2":{"start":{"line":11,"column":22},"end":{"line":18,"column":null}},"3":{"start":{"line":6,"column":13},"end":{"line":6,"column":23}}},"fnMap":{"0":{"name":"(anonymous_0)","decl":{"start":{"line":6,"column":23},"end":{"line":6,"column":null}},"loc":{"start":{"line":8,"column":12},"end":{"line":10,"column":7}}},"1":{"name":"(anonymous_1)","decl":{"start":{"line":11,"column":4},"end":{"line":11,"column":5}},"loc":{"start":{"line":11,"column":17},"end":{"line":11,"column":null}}}},"branchMap":{"0":{"loc":{"start":{"line":15,"column":26},"end":{"line":15,"column":49}},"type":"binary-expr","locations":[{"start":{"line":15,"column":26},"end":{"line":15,"column":43}},{"start":{"line":15,"column":47},"end":{"line":15,"column":49}}]},"1":{"loc":{"start":{"line":17,"column":12},"end":{"line":17,"column":28}},"type":"binary-expr","locations":[{"start":{"line":17,"column":12},"end":{"line":17,"column":22}},{"start":{"line":17,"column":26},"end":{"line":17,"column":28}}]}},"s":{"0":1,"1":1,"2":3,"3":1},"f":{"0":1,"1":3},"b":{"0":[3,3],"1":[3,0]}}
}
